
*** Reserving the testbed...

*** PROPERTY: git.commit -> 3d8ff739f6824189f56f42066dbdad63dd08e180
*** PROPERTY: git.commit_timestamp -> 1737125482
*** PROPERTY: test.uuid -> 43776caf-2340-4f35-ab30-8c763feaadae
*** PROPERTY: build.main.sum -> 
*** PROPERTY: test.plan_id -> RT-5.9
*** PROPERTY: dut.model -> 8812
*** PROPERTY: dut.vendor.full -> Cisco Systems, Inc.
*** PROPERTY: dut.vendor -> CISCO
*** PROPERTY: build.go_version -> go1.21.7
*** PROPERTY: build.main.version -> 
*** PROPERTY: git.status -> ?? feature/interface/aggregate/otg_tests/aggregate_all_not_viable_test/8808_fox2625plw8_bindings/dut.testbed
?? feature/interface/aggregate/otg_tests/aggregate_all_not_viable_test/logs1.2
?? feature/cisco/interface/logs20
?? feature/gribi/ate_tests/cisco/pbr/logs1
?? feature/gribi/otg_tests/cisco/dcgate/Forwarding_bundle_logs
?? feature/gribi/otg_tests/cisco/dcgate/sub_intf_log
?? feature/interface/aggregate/otg_tests/aggregate_all_not_viable_test/8808-fox2508p0ju_bindings/otg.binding
?? feature/cisco/qos/interface-red/logs1
?? feature/cisco/qos/queue-management/logs
?? feature/isis/otg_tests/weighted_ecmp_test/sub_intf_log
?? feature/cisco/interface/Interface.csv
?? feature/cisco/interface/logs
?? feature/gribi/otg_tests/encap_frr/logs1.1
?? feature/cisco/qos/classifier/logs
?? feature/gribi/ate_tests/cisco/pbr/logs
?? feature/interface/aggregate/otg_tests/aggregate_all_not_viable_test/8808-fox2508p0ju_bindings/dut.baseconf
?? feature/interface/aggregate/otg_tests/aggregate_all_not_viable_test/8808-fox2508p0ju_bindings/setup.sh
?? feature/cisco/qos/ate_tests/big_setup/PEER_8808-FOX2733PDKP_baseconfig.proto
?? feature/cisco/qos/ate_tests/logs10
?? feature/gribi/ate_tests/cisco/pbr/pbr_logs
?? feature/interface/aggregate/otg_tests/aggregate_all_not_viable_test/logs1.1
?? feature/interface/ip/ipv6_ND/otg_tests/disable_ipv6_nd_ra_test/logs
?? feature/interface/aggregate/otg_tests/aggregate_all_not_viable_test/8808_fox2625plw8_bindings/otg.binding
?? feature/cisco/interface/ipv6_ra_logs
?? feature/cisco/network-instance/ocreport.csv
?? feature/cisco/qos/interface-red/logs
?? feature/gribi/otg_tests/cisco/dcgate/log2
?? feature/interface/aggregate/otg_tests/aggregate_all_not_viable_test/8808-fox2508p0ju_bindings/dut.testbed
?? feature/interface/aggregate/otg_tests/aggregate_all_not_viable_test/8808_fox2625plw8_bindings/ate.binding
?? feature/interface/aggregate/otg_tests/aggregate_all_not_viable_test/logs
?? feature/cisco/interface/ip/ipv6_ND/otg_tes/Ipv6_ra_test.go
?? feature/cisco/interface/ip/ipv6_ND/otg_tes/ipv6_ra_phy_log
?? feature/cisco/qos/ate_tests/big_setup/8818_peer_binding_otg
?? feature/gribi/otg_tests/cisco/dcgate/Be_sub_intf_log1
?? feature/gribi/otg_tests/encap_frr/logs
?? feature/cisco/qos/ate_tests/big_setup/8818_peer_testbed
?? feature/cisco/qos/ate_tests/big_setup/DUT_8818-FOX2714PNY_baseconfig.proto
?? feature/cisco/qos/ate_tests/logs
?? feature/gribi/otg_tests/cisco/dcgate/Forwarding_physical_logs
?? feature/gribi/otg_tests/cisco/dcgate/a.out
?? feature/cisco/qos/wrr/logs
?? feature/cisco/interface/cd_32_logs
?? feature/cisco/interface/ipv6_ra_log
?? feature/cisco/interface/ocreport.csv
?? feature/cisco/network-instance/policy-forwarding/logs
?? feature/isis/otg_tests/weighted_ecmp_test/logs
?? feature/interface/aggregate/otg_tests/aggregate_all_not_viable_test/8808_fox2625plw8_bindings/setup.sh
?? feature/cisco/interface/test.py
?? feature/cisco/qos/ate_tests/scale_log.1
?? feature/cisco/qos/ate_tests/scale_log3.2
?? feature/gribi/otg_tests/cisco/dcgate/cd32_log
?? feature/interface/aggregate/otg_tests/aggregate_all_not_viable_test/8808_fox2625plw8_bindings/dut.baseconf
?? feature/interface/aggregate/otg_tests/aggregate_all_not_viable_test/8808-fox2508p0ju_bindings/ate.binding
?? feature/cisco/interface/logs2
?? feature/cisco/qos/ate_tests/scale_log
?? feature/cisco/qos/queue-management/logs1
?? feature/gribi/otg_tests/cisco/dcgate/log2.1
?? feature/gribi/otg_tests/cisco/dcgate/logs
?? feature/cisco/interface/-
?? feature/cisco/interface/ip/ipv6_ND/otg_tes/sample.py
?? feature/cisco/network-instance/logs
?? feature/cisco/qos/ate_tests/scale_log.2
?? feature/interface/aggregate/otg_tests/aggregate_all_not_viable_test/logs1
?? feature/cisco/interface/323g-3_logs
?? feature/cisco/interface/ip/ipv6_ND/otg_tes/ipv6_ra_logs
?? feature/cisco/interface/ipv6_ra_Be_log
?? feature/cisco/network-instance/NetworkInstance.csv
?? feature/cisco/qos/ate_tests/scale_log3
?? feature/cisco/interface/ip/ipv6_ND/otg_tes/metadata.textproto
?? feature/cisco/interface/logs1
?? feature/cisco/interface/logs32
?? feature/cisco/qos/ate_tests/scale_log3.1

*** PROPERTY: git.clean -> false
*** PROPERTY: test.path -> feature/cisco/interface/ip/ipv6_ND/otg_tes
*** PROPERTY: test.description -> Disable IPv6 ND Router Arvetisment
*** PROPERTY: build.path -> 
*** PROPERTY: build.main.path -> 
*** PROPERTY: git.origin -> git@wwwin-github.cisco.com:B4Test/featureprofiles.git
*** PROPERTY: topology -> ate:8,dut:8
*** PROPERTY: dut.model.full -> Cisco 8812 12-slot Chassis
*** PROPERTY: dut.os_version -> 25.2.1.14I

********************************************************************************

  Testbed Reservation Complete
  ID: STATIC

    dut:              DUT
    port1:            HundredGigE0/2/0/1
    port2:            HundredGigE0/2/0/18
    port3:            HundredGigE0/2/0/20
    port4:            HundredGigE0/2/0/21
    port5:            HundredGigE0/2/0/32
    port6:            HundredGigE0/2/0/22
    port7:            HundredGigE0/2/0/27
    port8:            HundredGigE0/2/0/30
    ate:              kne2-lnx:40059
    port1:            172.21.178.45;1;1
    port2:            172.21.178.45;1;2
    port3:            172.21.178.45;1;3
    port4:            172.21.178.45;1;4
    port5:            172.21.178.45;3;5
    port6:            172.21.178.45;1;5
    port7:            172.21.178.45;1;6
    port8:            172.21.178.45;1;7

********************************************************************************

I0204 18:26:14.371056  162563 core.go:156] Registering core file checking for DUT "dut"
*** PROPERTY: validator.core -> enabled
*** PROPERTY: validator.core.initial -> 
Delta Core Files by DUT: 
DUT: DUT
=== RUN   TestIpv6NDRAPhysical
    Ipv6_ra_test.go:158: IPv6 RA Interval
    Ipv6_ra_test.go:170: IPv6 RA Enable
    Ipv6_ra_test.go:158: IPv6 RA Interval
    Ipv6_ra_test.go:170: IPv6 RA Enable
    Ipv6_ra_test.go:187: Configuring OTG port1
    Ipv6_ra_test.go:194: Configuring OTG port2
    Ipv6_ra_test.go:205: OTG configuration completed!
    Ipv6_ra_test.go:207: 
        *** Pushing config to kne2-lnx:40059...
        
        
[WARNING]: Capture is under review, There may be changes in filter configuration
    Ipv6_ra_test.go:209: starting protocols... 
    Ipv6_ra_test.go:210: 
        *** Starting protocols on kne2-lnx:40059...
        
        
=== RUN   TestIpv6NDRAPhysical/TestCase-1:_No_periodical_Router_Advertisement
=== RUN   TestIpv6NDRAPhysical/TestCase-1:_No_periodical_Router_Advertisement/Validate_RA_MDT_Telemetry
    Ipv6_ra_test.go:251: Required RA time interval = 5, RA Time interval observed on telemetry = 5 
    Ipv6_ra_test.go:266: Router Advertisement mode = false
    Ipv6_ra_test.go:267: Router Advertisement State = false
=== RUN   TestIpv6NDRAPhysical/TestCase-1:_No_periodical_Router_Advertisement/Validate_RA_EDT
    Ipv6_ra_test.go:225: Got state 5
    Ipv6_ra_test.go:230: Required RA time interval = 5, RA Time interval observed on EDT = 5 
=== NAME  TestIpv6NDRAPhysical/TestCase-1:_No_periodical_Router_Advertisement
    Ipv6_ra_test.go:274: 
        *** Starting protocols on kne2-lnx:40059...
        
        
    Ipv6_ra_test.go:278: 
        *** SetControlState on kne2-lnx:40059...
        
        
    Ipv6_ra_test.go:284: 
        *** GetCapture on kne2-lnx:40059...
        
        
    Ipv6_ra_test.go:285: Config Ports [location: 172.21.178.45;1;1
        name: port1
         location: 172.21.178.45;1;2
        name: port2
        ]
    Ipv6_ra_test.go:299: Reading pcap file from : /tmp/pcap491112334
    Ipv6_ra_test.go:320: No Router advertisement packets found!
=== RUN   TestIpv6NDRAPhysical/TestCase-2:_No_Router_Advertisement_in_response_to_Router_Solicitation
    Ipv6_ra_test.go:274: 
        *** Starting protocols on kne2-lnx:40059...
        
        
    Ipv6_ra_test.go:278: 
        *** SetControlState on kne2-lnx:40059...
        
        
    Ipv6_ra_test.go:284: 
        *** GetCapture on kne2-lnx:40059...
        
        
    Ipv6_ra_test.go:285: Config Ports [location: 172.21.178.45;1;1
        name: port1
         location: 172.21.178.45;1;2
        name: port2
        ]
    Ipv6_ra_test.go:299: Reading pcap file from : /tmp/pcap4121903842
    Ipv6_ra_test.go:320: No Router advertisement packets found!
=== NAME  TestIpv6NDRAPhysical
    Ipv6_ra_test.go:179: unConfigInterface - HundredGigE0/2/0/1
    Ipv6_ra_test.go:179: unConfigInterface - HundredGigE0/2/0/18
--- PASS: TestIpv6NDRAPhysical (90.29s)
    --- PASS: TestIpv6NDRAPhysical/TestCase-1:_No_periodical_Router_Advertisement (16.02s)
        --- PASS: TestIpv6NDRAPhysical/TestCase-1:_No_periodical_Router_Advertisement/Validate_RA_MDT_Telemetry (1.80s)
        --- PASS: TestIpv6NDRAPhysical/TestCase-1:_No_periodical_Router_Advertisement/Validate_RA_EDT (0.76s)
    --- PASS: TestIpv6NDRAPhysical/TestCase-2:_No_Router_Advertisement_in_response_to_Router_Solicitation (4.43s)
=== RUN   TestIpv6NDRAPhysicalSubIntf
    Ipv6_ra_test.go:158: IPv6 RA Interval
    Ipv6_ra_test.go:170: IPv6 RA Enable
    Ipv6_ra_test.go:158: IPv6 RA Interval
    Ipv6_ra_test.go:170: IPv6 RA Enable
    Ipv6_ra_test.go:187: Configuring OTG port1
    Ipv6_ra_test.go:194: Configuring OTG port2
    Ipv6_ra_test.go:205: OTG configuration completed!
    Ipv6_ra_test.go:207: 
        *** Pushing config to kne2-lnx:40059...
        
        
[WARNING]: Capture is under review, There may be changes in filter configuration
    Ipv6_ra_test.go:209: starting protocols... 
    Ipv6_ra_test.go:210: 
        *** Starting protocols on kne2-lnx:40059...
        
        
=== RUN   TestIpv6NDRAPhysicalSubIntf/TestCase-1:_No_periodical_Router_Advertisement
=== RUN   TestIpv6NDRAPhysicalSubIntf/TestCase-1:_No_periodical_Router_Advertisement/Validate_RA_MDT_Telemetry
    Ipv6_ra_test.go:251: Required RA time interval = 5, RA Time interval observed on telemetry = 5 
    Ipv6_ra_test.go:266: Router Advertisement mode = false
    Ipv6_ra_test.go:267: Router Advertisement State = false
=== RUN   TestIpv6NDRAPhysicalSubIntf/TestCase-1:_No_periodical_Router_Advertisement/Validate_RA_EDT
    Ipv6_ra_test.go:225: Got state 5
    Ipv6_ra_test.go:230: Required RA time interval = 5, RA Time interval observed on EDT = 5 
=== NAME  TestIpv6NDRAPhysicalSubIntf/TestCase-1:_No_periodical_Router_Advertisement
    Ipv6_ra_test.go:274: 
        *** Starting protocols on kne2-lnx:40059...
        
        
    Ipv6_ra_test.go:278: 
        *** SetControlState on kne2-lnx:40059...
        
        
    Ipv6_ra_test.go:284: 
        *** GetCapture on kne2-lnx:40059...
        
        
    Ipv6_ra_test.go:285: Config Ports [location: 172.21.178.45;1;1
        name: port1
         location: 172.21.178.45;1;2
        name: port2
        ]
    Ipv6_ra_test.go:299: Reading pcap file from : /tmp/pcap1038557989
    Ipv6_ra_test.go:320: No Router advertisement packets found!
=== RUN   TestIpv6NDRAPhysicalSubIntf/TestCase-2:_No_Router_Advertisement_in_response_to_Router_Solicitation
    Ipv6_ra_test.go:274: 
        *** Starting protocols on kne2-lnx:40059...
        
        
    Ipv6_ra_test.go:278: 
        *** SetControlState on kne2-lnx:40059...
        
        
    Ipv6_ra_test.go:284: 
        *** GetCapture on kne2-lnx:40059...
        
        
    Ipv6_ra_test.go:285: Config Ports [location: 172.21.178.45;1;1
        name: port1
         location: 172.21.178.45;1;2
        name: port2
        ]
    Ipv6_ra_test.go:299: Reading pcap file from : /tmp/pcap4022792332
    Ipv6_ra_test.go:320: No Router advertisement packets found!
=== NAME  TestIpv6NDRAPhysicalSubIntf
    Ipv6_ra_test.go:179: unConfigInterface - HundredGigE0/2/0/1
    Ipv6_ra_test.go:179: unConfigInterface - HundredGigE0/2/0/18
--- PASS: TestIpv6NDRAPhysicalSubIntf (62.55s)
    --- PASS: TestIpv6NDRAPhysicalSubIntf/TestCase-1:_No_periodical_Router_Advertisement (14.53s)
        --- PASS: TestIpv6NDRAPhysicalSubIntf/TestCase-1:_No_periodical_Router_Advertisement/Validate_RA_MDT_Telemetry (1.80s)
        --- PASS: TestIpv6NDRAPhysicalSubIntf/TestCase-1:_No_periodical_Router_Advertisement/Validate_RA_EDT (0.78s)
    --- PASS: TestIpv6NDRAPhysicalSubIntf/TestCase-2:_No_Router_Advertisement_in_response_to_Router_Solicitation (4.39s)
=== RUN   TestIpv6NDRABundle
    Ipv6_ra_test.go:770: aggID - Bundle-Ether1
    Ipv6_ra_test.go:770: Config for LACP at /lacp/interfaces/interface[name=Bundle-Ether1]:
        {
          "openconfig-lacp:config": {
            "lacp-mode": "ACTIVE",
            "name": "Bundle-Ether1"
          },
          "openconfig-lacp:name": "Bundle-Ether1"
        }
2025/02/04 18:28:57 Test output "TestIpv6NDRABundle Config for LACP at /lacp/interfaces/interface[name=Bundle-Ether1]" is discarded without -outputs_dir.  Please specify -outputs_dir to keep it.
    Ipv6_ra_test.go:770: Config for Bundle-Ether1 at /interfaces/interface[name=Bundle-Ether1]:
        {
          "openconfig-if-aggregate:aggregation": {
            "config": {
              "lag-type": "LACP"
            }
          },
          "openconfig-interfaces:config": {
            "description": "lag1",
            "name": "Bundle-Ether1",
            "type": "iana-if-type:ieee8023adLag"
          },
          "openconfig-interfaces:name": "Bundle-Ether1",
          "openconfig-interfaces:subinterfaces": {
            "subinterface": [
              {
                "config": {
                  "index": 0
                },
                "index": 0,
                "openconfig-if-ip:ipv6": {
                  "addresses": {
                    "address": [
                      {
                        "config": {
                          "ip": "2001:db8::1",
                          "prefix-length": 126
                        },
                        "ip": "2001:db8::1"
                      }
                    ]
                  }
                }
              }
            ]
          }
        }
2025/02/04 18:28:59 Test output "TestIpv6NDRABundle Config for Bundle-Ether1 at /interfaces/interface[name=Bundle-Ether1]" is discarded without -outputs_dir.  Please specify -outputs_dir to keep it.
    Ipv6_ra_test.go:770: Config for dut:port1(DUT:HundredGigE0/2/0/1) at /interfaces/interface[name=HundredGigE0/2/0/1]:
        {
          "openconfig-if-ethernet:ethernet": {
            "config": {
              "openconfig-if-aggregate:aggregate-id": "Bundle-Ether1"
            }
          },
          "openconfig-interfaces:config": {
            "description": "dut:port1(DUT:HundredGigE0/2/0/1)",
            "name": "HundredGigE0/2/0/1",
            "type": "iana-if-type:ethernetCsmacd"
          },
          "openconfig-interfaces:name": "HundredGigE0/2/0/1"
        }
2025/02/04 18:29:01 Test output "TestIpv6NDRABundle Config for dut:port1(DUT:HundredGigE0/2/0/1) at /interfaces/interface[name=HundredGigE0/2/0/1]" is discarded without -outputs_dir.  Please specify -outputs_dir to keep it.
I0204 18:29:04.141103  162563 ygnmi.go:286] noncompliant data encountered while unmarshalling: Noncompliance Errors by category (see https://github.com/openconfig/ygnmi#noncompliance-errors):
Path Noncompliance Errors: None
Type Noncompliance Errors: None
Value Restriction Noncompliance Errors:
	field name Member value HundredGigE0/2/0/1 (string) schema path /root/interfaces/interface/aggregation/state/member has leafref path /interfaces/interface/name not equal to any target nodes
    Ipv6_ra_test.go:770: aggID - Bundle-Ether2
    Ipv6_ra_test.go:770: Config for LACP at /lacp/interfaces/interface[name=Bundle-Ether2]:
        {
          "openconfig-lacp:config": {
            "lacp-mode": "ACTIVE",
            "name": "Bundle-Ether2"
          },
          "openconfig-lacp:name": "Bundle-Ether2"
        }
2025/02/04 18:29:04 Test output "TestIpv6NDRABundle Config for LACP at /lacp/interfaces/interface[name=Bundle-Ether2]" is discarded without -outputs_dir.  Please specify -outputs_dir to keep it.
    Ipv6_ra_test.go:770: Config for Bundle-Ether2 at /interfaces/interface[name=Bundle-Ether2]:
        {
          "openconfig-if-aggregate:aggregation": {
            "config": {
              "lag-type": "LACP"
            }
          },
          "openconfig-interfaces:config": {
            "description": "lag2",
            "name": "Bundle-Ether2",
            "type": "iana-if-type:ieee8023adLag"
          },
          "openconfig-interfaces:name": "Bundle-Ether2",
          "openconfig-interfaces:subinterfaces": {
            "subinterface": [
              {
                "config": {
                  "index": 0
                },
                "index": 0,
                "openconfig-if-ip:ipv6": {
                  "addresses": {
                    "address": [
                      {
                        "config": {
                          "ip": "2001:db8::5",
                          "prefix-length": 126
                        },
                        "ip": "2001:db8::5"
                      }
                    ]
                  }
                }
              }
            ]
          }
        }
2025/02/04 18:29:06 Test output "TestIpv6NDRABundle Config for Bundle-Ether2 at /interfaces/interface[name=Bundle-Ether2]" is discarded without -outputs_dir.  Please specify -outputs_dir to keep it.
    Ipv6_ra_test.go:770: Config for dut:port2(DUT:HundredGigE0/2/0/18) at /interfaces/interface[name=HundredGigE0/2/0/18]:
        {
          "openconfig-if-ethernet:ethernet": {
            "config": {
              "openconfig-if-aggregate:aggregate-id": "Bundle-Ether2"
            }
          },
          "openconfig-interfaces:config": {
            "description": "dut:port2(DUT:HundredGigE0/2/0/18)",
            "name": "HundredGigE0/2/0/18",
            "type": "iana-if-type:ethernetCsmacd"
          },
          "openconfig-interfaces:name": "HundredGigE0/2/0/18"
        }
2025/02/04 18:29:08 Test output "TestIpv6NDRABundle Config for dut:port2(DUT:HundredGigE0/2/0/18) at /interfaces/interface[name=HundredGigE0/2/0/18]" is discarded without -outputs_dir.  Please specify -outputs_dir to keep it.
    Ipv6_ra_test.go:158: IPv6 RA Interval
    Ipv6_ra_test.go:170: IPv6 RA Enable
    Ipv6_ra_test.go:158: IPv6 RA Interval
    Ipv6_ra_test.go:170: IPv6 RA Enable
    Ipv6_ra_test.go:775: lag1
    Ipv6_ra_test.go:674: ateAggName - lag1
    Ipv6_ra_test.go:775: lag2
    Ipv6_ra_test.go:674: ateAggName - lag2
    Ipv6_ra_test.go:775: OTG configuration completed!
    Ipv6_ra_test.go:775: 
        *** Pushing config to kne2-lnx:40059...
        
        
[WARNING]: Capture is under review, There may be changes in filter configuration
    Ipv6_ra_test.go:775: starting protocols... 
    Ipv6_ra_test.go:775: 
        *** Starting protocols on kne2-lnx:40059...
        
        
=== RUN   TestIpv6NDRABundle/TestCase-1:_No_periodical_Router_Advertisement
=== RUN   TestIpv6NDRABundle/TestCase-1:_No_periodical_Router_Advertisement/Validate_RA_MDT_Telemetry
    Ipv6_ra_test.go:250: Get(t) on dut(DUT) at /interfaces/interface[name=Bundle-Ether1]/subinterfaces/subinterface[index=0]/ipv6/router-advertisement/state/interval: noncompliant data encountered while unmarshalling leaf: Noncompliance Errors by category (see https://github.com/openconfig/ygnmi#noncompliance-errors):
        Path Noncompliance Errors:
        	Unmarshal <nil> into <nil>: got multiple (3) data points for leaf node at path /interfaces/interface[name=Bundle-Ether1]/subinterfaces/subinterface[index=0]/ipv6/router-advertisement/state/interval: [/interfaces/interface[name=Bundle-Ether1]/subinterfaces/subinterface[index=0]/ipv6/router-advertisement/state/interval (timestamp: 2025-02-04 18:54:57.905042458 +0530 IST, recvTimestamp: 2025-02-04 18:30:00.84659507 +0530 IST m=+239.277607573, isSync: false): uint_val:5 /interfaces/interface[name=Bundle-Ether1]/subinterfaces/subinterface[index=0]/ipv6/router-advertisement/state/interval (timestamp: 2025-02-04 18:54:57.908159395 +0530 IST, recvTimestamp: 2025-02-04 18:30:01.046025894 +0530 IST m=+239.477038414, isSync: false): uint_val:5 gNMI SyncResponse]
        Type Noncompliance Errors: None
        Value Restriction Noncompliance Errors: None
=== RUN   TestIpv6NDRABundle/TestCase-1:_No_periodical_Router_Advertisement/Validate_RA_EDT
    Ipv6_ra_test.go:225: Got state 5
    Ipv6_ra_test.go:230: Required RA time interval = 5, RA Time interval observed on EDT = 5 
=== NAME  TestIpv6NDRABundle/TestCase-1:_No_periodical_Router_Advertisement
    Ipv6_ra_test.go:274: 
        *** Starting protocols on kne2-lnx:40059...
        
        
    Ipv6_ra_test.go:278: 
        *** SetControlState on kne2-lnx:40059...
        
        
    Ipv6_ra_test.go:284: 
        *** GetCapture on kne2-lnx:40059...
        
        
    Ipv6_ra_test.go:285: Config Ports [location: 172.21.178.45;1;1
        name: port1
         location: 172.21.178.45;1;2
        name: port2
        ]
    Ipv6_ra_test.go:299: Reading pcap file from : /tmp/pcap1558339958
    Ipv6_ra_test.go:320: No Router advertisement packets found!
=== RUN   TestIpv6NDRABundle/TestCase-2:_No_Router_Advertisement_in_response_to_Router_Solicitation
    Ipv6_ra_test.go:274: 
        *** Starting protocols on kne2-lnx:40059...
        
        
    Ipv6_ra_test.go:278: 
        *** SetControlState on kne2-lnx:40059...
        
        
    Ipv6_ra_test.go:284: 
        *** GetCapture on kne2-lnx:40059...
        
        
    Ipv6_ra_test.go:285: Config Ports [location: 172.21.178.45;1;1
        name: port1
         location: 172.21.178.45;1;2
        name: port2
        ]
    Ipv6_ra_test.go:299: Reading pcap file from : /tmp/pcap1505509829
    Ipv6_ra_test.go:320: No Router advertisement packets found!
=== NAME  TestIpv6NDRABundle
    Ipv6_ra_test.go:179: unConfigInterface - Bundle-Ether1
    Ipv6_ra_test.go:179: unConfigInterface - Bundle-Ether2
--- FAIL: TestIpv6NDRABundle (86.36s)
    --- FAIL: TestIpv6NDRABundle/TestCase-1:_No_periodical_Router_Advertisement (14.19s)
        --- FAIL: TestIpv6NDRABundle/TestCase-1:_No_periodical_Router_Advertisement/Validate_RA_MDT_Telemetry (0.97s)
        --- PASS: TestIpv6NDRABundle/TestCase-1:_No_periodical_Router_Advertisement/Validate_RA_EDT (0.78s)
    --- PASS: TestIpv6NDRABundle/TestCase-2:_No_Router_Advertisement_in_response_to_Router_Solicitation (4.83s)
=== RUN   TestIpv6NDRABundleSubIntf
    Ipv6_ra_test.go:822: aggID - Bundle-Ether1
    Ipv6_ra_test.go:822: Config for LACP at /lacp/interfaces/interface[name=Bundle-Ether1]:
        {
          "openconfig-lacp:config": {
            "lacp-mode": "ACTIVE",
            "name": "Bundle-Ether1"
          },
          "openconfig-lacp:name": "Bundle-Ether1"
        }
2025/02/04 18:30:24 Test output "TestIpv6NDRABundleSubIntf Config for LACP at /lacp/interfaces/interface[name=Bundle-Ether1]" is discarded without -outputs_dir.  Please specify -outputs_dir to keep it.
    Ipv6_ra_test.go:822: Config for Bundle-Ether1 at /interfaces/interface[name=Bundle-Ether1]:
        {
          "openconfig-if-aggregate:aggregation": {
            "config": {
              "lag-type": "LACP"
            }
          },
          "openconfig-interfaces:config": {
            "description": "lag1",
            "name": "Bundle-Ether1",
            "type": "iana-if-type:ieee8023adLag"
          },
          "openconfig-interfaces:name": "Bundle-Ether1",
          "openconfig-interfaces:subinterfaces": {
            "subinterface": [
              {
                "config": {
                  "index": 0
                },
                "index": 0,
                "openconfig-if-ip:ipv6": {
                  "addresses": {
                    "address": [
                      {
                        "config": {
                          "ip": "2001:db8::1",
                          "prefix-length": 126
                        },
                        "ip": "2001:db8::1"
                      }
                    ]
                  }
                }
              }
            ]
          }
        }
2025/02/04 18:30:26 Test output "TestIpv6NDRABundleSubIntf Config for Bundle-Ether1 at /interfaces/interface[name=Bundle-Ether1]" is discarded without -outputs_dir.  Please specify -outputs_dir to keep it.
    Ipv6_ra_test.go:822: Config for dut:port1(DUT:HundredGigE0/2/0/1) at /interfaces/interface[name=HundredGigE0/2/0/1]:
        {
          "openconfig-if-ethernet:ethernet": {
            "config": {
              "openconfig-if-aggregate:aggregate-id": "Bundle-Ether1"
            }
          },
          "openconfig-interfaces:config": {
            "description": "dut:port1(DUT:HundredGigE0/2/0/1)",
            "name": "HundredGigE0/2/0/1",
            "type": "iana-if-type:ethernetCsmacd"
          },
          "openconfig-interfaces:name": "HundredGigE0/2/0/1"
        }
2025/02/04 18:30:28 Test output "TestIpv6NDRABundleSubIntf Config for dut:port1(DUT:HundredGigE0/2/0/1) at /interfaces/interface[name=HundredGigE0/2/0/1]" is discarded without -outputs_dir.  Please specify -outputs_dir to keep it.
I0204 18:30:31.276226  162563 ygnmi.go:286] noncompliant data encountered while unmarshalling: Noncompliance Errors by category (see https://github.com/openconfig/ygnmi#noncompliance-errors):
Path Noncompliance Errors: None
Type Noncompliance Errors: None
Value Restriction Noncompliance Errors:
	field name Member value HundredGigE0/2/0/1 (string) schema path /root/interfaces/interface/aggregation/state/member has leafref path /interfaces/interface/name not equal to any target nodes
    Ipv6_ra_test.go:822: aggID - Bundle-Ether2
    Ipv6_ra_test.go:822: Config for LACP at /lacp/interfaces/interface[name=Bundle-Ether2]:
        {
          "openconfig-lacp:config": {
            "lacp-mode": "ACTIVE",
            "name": "Bundle-Ether2"
          },
          "openconfig-lacp:name": "Bundle-Ether2"
        }
2025/02/04 18:30:31 Test output "TestIpv6NDRABundleSubIntf Config for LACP at /lacp/interfaces/interface[name=Bundle-Ether2]" is discarded without -outputs_dir.  Please specify -outputs_dir to keep it.
    Ipv6_ra_test.go:822: Config for Bundle-Ether2 at /interfaces/interface[name=Bundle-Ether2]:
        {
          "openconfig-if-aggregate:aggregation": {
            "config": {
              "lag-type": "LACP"
            }
          },
          "openconfig-interfaces:config": {
            "description": "lag2",
            "name": "Bundle-Ether2",
            "type": "iana-if-type:ieee8023adLag"
          },
          "openconfig-interfaces:name": "Bundle-Ether2",
          "openconfig-interfaces:subinterfaces": {
            "subinterface": [
              {
                "config": {
                  "index": 1
                },
                "index": 1,
                "openconfig-if-ip:ipv6": {
                  "addresses": {
                    "address": [
                      {
                        "config": {
                          "ip": "2001:db8::5",
                          "prefix-length": 126
                        },
                        "ip": "2001:db8::5"
                      }
                    ]
                  }
                },
                "openconfig-vlan:vlan": {
                  "match": {
                    "single-tagged": {
                      "config": {
                        "vlan-id": 1
                      }
                    }
                  }
                }
              }
            ]
          }
        }
2025/02/04 18:30:33 Test output "TestIpv6NDRABundleSubIntf Config for Bundle-Ether2 at /interfaces/interface[name=Bundle-Ether2]" is discarded without -outputs_dir.  Please specify -outputs_dir to keep it.
    Ipv6_ra_test.go:822: Config for dut:port2(DUT:HundredGigE0/2/0/18) at /interfaces/interface[name=HundredGigE0/2/0/18]:
        {
          "openconfig-if-ethernet:ethernet": {
            "config": {
              "openconfig-if-aggregate:aggregate-id": "Bundle-Ether2"
            }
          },
          "openconfig-interfaces:config": {
            "description": "dut:port2(DUT:HundredGigE0/2/0/18)",
            "name": "HundredGigE0/2/0/18",
            "type": "iana-if-type:ethernetCsmacd"
          },
          "openconfig-interfaces:name": "HundredGigE0/2/0/18"
        }
2025/02/04 18:30:35 Test output "TestIpv6NDRABundleSubIntf Config for dut:port2(DUT:HundredGigE0/2/0/18) at /interfaces/interface[name=HundredGigE0/2/0/18]" is discarded without -outputs_dir.  Please specify -outputs_dir to keep it.
    Ipv6_ra_test.go:158: IPv6 RA Interval
    Ipv6_ra_test.go:170: IPv6 RA Enable
    Ipv6_ra_test.go:158: IPv6 RA Interval
    Ipv6_ra_test.go:170: IPv6 RA Enable
    Ipv6_ra_test.go:828: lag1
    Ipv6_ra_test.go:828: lag2
    Ipv6_ra_test.go:828: OTG configuration completed!
    Ipv6_ra_test.go:828: 
        *** Pushing config to kne2-lnx:40059...
        
        
[WARNING]: Capture is under review, There may be changes in filter configuration
    Ipv6_ra_test.go:828: starting protocols... 
    Ipv6_ra_test.go:828: 
        *** Starting protocols on kne2-lnx:40059...
        
        
=== RUN   TestIpv6NDRABundleSubIntf/TestCase-1:_No_periodical_Router_Advertisement
=== RUN   TestIpv6NDRABundleSubIntf/TestCase-1:_No_periodical_Router_Advertisement/Validate_RA_MDT_Telemetry
    Ipv6_ra_test.go:250: Get(t) on dut(DUT) at /interfaces/interface[name=Bundle-Ether1]/subinterfaces/subinterface[index=0]/ipv6/router-advertisement/state/interval: noncompliant data encountered while unmarshalling leaf: Noncompliance Errors by category (see https://github.com/openconfig/ygnmi#noncompliance-errors):
        Path Noncompliance Errors:
        	Unmarshal <nil> into <nil>: got multiple (3) data points for leaf node at path /interfaces/interface[name=Bundle-Ether1]/subinterfaces/subinterface[index=0]/ipv6/router-advertisement/state/interval: [/interfaces/interface[name=Bundle-Ether1]/subinterfaces/subinterface[index=0]/ipv6/router-advertisement/state/interval (timestamp: 2025-02-04 18:56:46.344899256 +0530 IST, recvTimestamp: 2025-02-04 18:31:49.283325238 +0530 IST m=+347.714337837, isSync: false): uint_val:5 /interfaces/interface[name=Bundle-Ether1]/subinterfaces/subinterface[index=0]/ipv6/router-advertisement/state/interval (timestamp: 2025-02-04 18:56:46.348009563 +0530 IST, recvTimestamp: 2025-02-04 18:31:49.482755749 +0530 IST m=+347.913768264, isSync: false): uint_val:5 gNMI SyncResponse]
        Type Noncompliance Errors: None
        Value Restriction Noncompliance Errors: None
=== RUN   TestIpv6NDRABundleSubIntf/TestCase-1:_No_periodical_Router_Advertisement/Validate_RA_EDT
    Ipv6_ra_test.go:225: Got state 5
    Ipv6_ra_test.go:230: Required RA time interval = 5, RA Time interval observed on EDT = 5 
=== NAME  TestIpv6NDRABundleSubIntf/TestCase-1:_No_periodical_Router_Advertisement
    Ipv6_ra_test.go:274: 
        *** Starting protocols on kne2-lnx:40059...
        
        
    Ipv6_ra_test.go:278: 
        *** SetControlState on kne2-lnx:40059...
        
        
    Ipv6_ra_test.go:284: 
        *** GetCapture on kne2-lnx:40059...
        
        
    Ipv6_ra_test.go:285: Config Ports [location: 172.21.178.45;1;1
        name: port1
         location: 172.21.178.45;1;2
        name: port2
        ]
    Ipv6_ra_test.go:299: Reading pcap file from : /tmp/pcap1826024507
    Ipv6_ra_test.go:320: No Router advertisement packets found!
=== RUN   TestIpv6NDRABundleSubIntf/TestCase-2:_No_Router_Advertisement_in_response_to_Router_Solicitation
    Ipv6_ra_test.go:274: 
        *** Starting protocols on kne2-lnx:40059...
        
        
    Ipv6_ra_test.go:278: 
        *** SetControlState on kne2-lnx:40059...
        
        
    Ipv6_ra_test.go:284: 
        *** GetCapture on kne2-lnx:40059...
        
        
    Ipv6_ra_test.go:285: Config Ports [location: 172.21.178.45;1;1
        name: port1
         location: 172.21.178.45;1;2
        name: port2
        ]
    Ipv6_ra_test.go:299: Reading pcap file from : /tmp/pcap1506687269
    Ipv6_ra_test.go:320: No Router advertisement packets found!
=== NAME  TestIpv6NDRABundleSubIntf
    Ipv6_ra_test.go:179: unConfigInterface - Bundle-Ether1
    Ipv6_ra_test.go:179: unConfigInterface - Bundle-Ether2
--- FAIL: TestIpv6NDRABundleSubIntf (108.05s)
    --- FAIL: TestIpv6NDRABundleSubIntf/TestCase-1:_No_periodical_Router_Advertisement (14.00s)
        --- FAIL: TestIpv6NDRABundleSubIntf/TestCase-1:_No_periodical_Router_Advertisement/Validate_RA_MDT_Telemetry (0.99s)
        --- PASS: TestIpv6NDRABundleSubIntf/TestCase-1:_No_periodical_Router_Advertisement/Validate_RA_EDT (0.77s)
    --- PASS: TestIpv6NDRABundleSubIntf/TestCase-2:_No_Router_Advertisement_in_response_to_Router_Solicitation (4.77s)
FAIL
I0204 18:32:20.115377  162563 core.go:212] core file check found cores:

Delta Core Files by DUT: 
DUT: DUT
*** PROPERTY: validator.core.end -> 
Delta Core Files by DUT: 
DUT: DUT

*** Releasing the testbed...

*** PROPERTY: time.begin -> 1738673762
*** PROPERTY: time.end -> 1738674140
exit status 1
FAIL	github.com/openconfig/featureprofiles/feature/cisco/interface/ip/ipv6_ND/otg_tes	378.575s
